TN:
SF:data/song_database.py
DA:5,1,G7rB5PRykU6zCGOlXniZGA
DA:6,1,0B6z2YSYoiVWaaDs8ol8GA
DA:8,1,L8N+hYAJVcK+GN4j9mEwZQ
DA:9,1,M/BMsA9aN9L5aq7nFvU+Vw
DA:10,1,bUl7B+ZWav9xrtJK8wQ0QA
LF:5
LH:5
end_of_record
TN:
SF:main.py
DA:5,1,NW1mQmllQ6PY1cL7HiJ/6w
DA:6,1,bLDtOsQWSrxG1jQubOd7tQ
DA:8,1,wmTm+ERvoDbXBcl6ufgk8Q
DA:9,1,V09TvEw4bXJHHJp7Iu5/vw
LF:4
LH:4
end_of_record
TN:
SF:models/__init__.py
DA:0,1,1B2M2Y8AsgTpgAmY7PhCfg
LF:0
LH:0
end_of_record
TN:
SF:models/song_model.py
DA:5,1,vaZ0ABsuck1UhhvoP6OKjw
DA:6,1,Wnh/KvpWdfot29iRDN6NSg
DA:9,1,ya3Z0Km7oJ/Scs331WLB9g
DA:10,1,iquskAcXdZlw3Gcljb8gMw
DA:12,1,XueiKgnb2IKj8iEJ4i82Ng
DA:13,1,S4Akt0n/J8Mmy/bQfaQ+2g
DA:14,1,2bNp/3fySDU06vsCJThC0Q
DA:15,1,nJSivlsdOxVex6ty4cP6IQ
DA:16,1,ogVhC3TpA/teB6l8sQiuWA
LF:9
LH:9
end_of_record
TN:
SF:routes/__init__.py
DA:0,1,1B2M2Y8AsgTpgAmY7PhCfg
LF:0
LH:0
end_of_record
TN:
SF:routes/song_route.py
DA:5,1,1xiMqwDyUF7fh5hUz780TQ
DA:6,1,GusTQ8rnslKGIeoIX1fGdQ
DA:7,1,2A6DzTHdCYY8QLrl+J1Luw
DA:8,1,CF2jZW1xbHcisD/YKI/mbw
DA:9,1,5aWrdqvOFcnqbbyddCsW2Q
DA:10,1,+apFjSa05pf9yU+440gIkw
DA:12,1,89a/tWQ6u/uejCtDeIaXGg
DA:23,1,p/3x86zD1SK5C9XOmTWtDw
DA:24,1,HP770pS53gDGZQTxXE3kSQ
DA:25,1,B/Fo9U4/nMeRNS1JjGZVyQ
DA:26,1,ldo/CKHGj5vGWX5Q2w1jIg
DA:28,1,/q53z0AC6DseM6I/+QJrsQ
DA:39,1,VIlSpVQ1aN5CV8Xx9/ad/A
DA:44,1,DsgYaq3bIwPW7xJk2FbWnA
DA:47,1,5kGQjChiC5ZgmljEyratKg
DA:48,1,ml9y9eBQLzDKKz+olhzV7A
DA:54,1,VIlSpVQ1aN5CV8Xx9/ad/A
DA:59,1,yGHAEXEnLvIO3BV6j9L4qQ
DA:63,1,oVBUVx9MPGTkuPvI+S/5cA
DA:64,1,1WNeMG5rO/vnrXOC3U7t3g
DA:65,1,xbu/+bLOv2b3d7gIIiyO6A
DA:66,1,ml9y9eBQLzDKKz+olhzV7A
DA:72,1,VIlSpVQ1aN5CV8Xx9/ad/A
DA:77,1,8mH7gLDrhYcAGIO3m7Cr0Q
DA:81,1,ywYcuLD8nGsQP7F+kO/riA
DA:82,1,qnVeKkMGZdDLJs746j6Tgw
LF:26
LH:26
end_of_record
TN:
SF:schemas/__init__.py
DA:0,1,1B2M2Y8AsgTpgAmY7PhCfg
LF:0
LH:0
end_of_record
TN:
SF:schemas/song_schema.py
DA:5,1,zmpQDTcMZEMJxgC29wOfnA
DA:6,1,jEc91tz0B1b2beSYnS+UDQ
DA:9,1,qVycRvCTh4M0147Hc/7ARA
DA:10,1,pB3jqLCUzOlJY7F6fLBzPA
DA:11,1,tAVjLIcAwllKPuWE1n+RSw
DA:12,1,tZxia0+Jcbv9VtA5u/2T6Q
DA:13,1,dKORqBkoNgXmTjOaNGUmFA
DA:14,1,ulIrAinN7rCCJC3alHqFww
DA:16,1,MDudvxZ011J/s1XvtZ9x5g
DA:17,1,AImNTrLlE8CgtP+h4xGEag
LF:10
LH:10
end_of_record
TN:
SF:services/__init__.py
DA:0,1,1B2M2Y8AsgTpgAmY7PhCfg
LF:0
LH:0
end_of_record
TN:
SF:services/song_service.py
DA:5,1,CF2jZW1xbHcisD/YKI/mbw
DA:6,1,HLjB6e0qHt+Hk5EXVjUaMg
DA:12,1,vFWq8hrx8c/PBOjEHho88g
DA:13,1,9epXjK+KbvCqau3a/4Dolw
DA:16,1,SB5cu0IxkflqSrushodIyQ
DA:17,1,NswsGZ9zjhly05PAymZxGQ
DA:20,1,FWq+Nk4q9yJD+aoGOdcU7A
DA:21,1,GER5ev5kvI3OP01S20HVVA
LF:8
LH:8
end_of_record
TN:
SF:tests/__init__.py
DA:0,1,1B2M2Y8AsgTpgAmY7PhCfg
LF:0
LH:0
end_of_record
TN:
SF:tests/test_main.py
DA:3,1,PZdQFSb3eGIrIEnSh/90BQ
DA:4,1,t9/rE5+qq/eNafE1bn88mw
DA:6,1,XTwhMsGVZZTJssaSmsaBMg
DA:16,1,vvqzdmDs5RK48aYqQbYt0g
DA:17,1,NBBCS1C5aQlJN4w/EfSdWQ
DA:18,1,zwxgWZVl1SPf7K5qASiX8w
DA:21,1,U89Rchz4wtQ67bOXGN35Tw
DA:22,1,NBBCS1C5aQlJN4w/EfSdWQ
DA:23,1,biZ6ExIxSpJ+VGueK7RZmg
DA:24,1,dGm6wZXZBNukAieTKOXxsA
DA:25,1,VqSGTKuTGWrpI5nXxkyUYA
DA:26,1,7vNBcRwgnw5YhfebFZofkw
DA:27,1,z5WU9FeOMtQUhvgqgWoT2Q
DA:33,1,NhwQupuAxh3covgjj5Nz/w
DA:34,1,4h+gmKdb7Eiw40y15+TtFQ
DA:35,1,BjZjBkJNqKofF8tu3rp62g
DA:38,1,iQlw6lUFYBdcr91KzWmBfQ
DA:39,1,plkzp9PZ2K6wIjHkOZeCXg
DA:40,1,lIZmepYQ36dQ3Y4s5FxEkA
DA:43,1,rYTSCDzZxQgceEwKE7cO0Q
DA:44,1,K1s4l5Z7oQzcj4uzvHo5JA
DA:45,1,zwxgWZVl1SPf7K5qASiX8w
DA:48,1,zFUr5n/68HKW6o/mKeV/iQ
DA:49,1,K1s4l5Z7oQzcj4uzvHo5JA
DA:50,1,biZ6ExIxSpJ+VGueK7RZmg
DA:51,1,VqSGTKuTGWrpI5nXxkyUYA
DA:52,1,gB0SsvzsuUjP+OenceE8fA
DA:58,1,Wl+/BWQRHX4ypnUCVdVAtQ
DA:59,1,gxgdd4AdN9SoiaHe+/lk1g
DA:60,1,BjZjBkJNqKofF8tu3rp62g
DA:63,1,AZEJ16QaaUJ8/pEwG+cQng
DA:64,1,0ZbivWj/h4OYbSuB+cKP/g
DA:65,1,zwxgWZVl1SPf7K5qASiX8w
DA:68,1,vD67i1QRNmXhli6aI9iuSw
DA:69,1,0ZbivWj/h4OYbSuB+cKP/g
DA:70,1,QfVXrBcDptykpdwMJECcGw
DA:71,1,S/s1xUHWgWHYPOH7+SL2zw
LF:37
LH:37
end_of_record
